<?xml version="1.0" encoding="UTF-8"?>
<!-- Generated by org.testng.reporters.JUnitXMLReporter -->
<testsuite hostname="01HW1740285" name="ErrorValidatiions" tests="2" failures="0" timestamp="15 Jun 2023 07:46:26 GMT" time="16.915" errors="0">
  <testcase name="LoginErrorValidation" time="3.25" classname="testPractice.FramewokTutorial.ErrorValidationsTest"/>
  <testcase name="ProductErrorValidation" time="4.754" classname="testPractice.FramewokTutorial.ErrorValidationsTest"/>
</testsuite> <!-- ErrorValidatiions -->
