<?xml version="1.0" encoding="UTF-8"?>
<!-- Generated by org.testng.reporters.JUnitXMLReporter -->
<testsuite ignored="1" hostname="DESKTOP-MR4E6NK" failures="0" tests="1" name="Error Validations Test" time="9.844" errors="0" timestamp="2023-06-25T18:06:33 IST">
  <testcase classname="testPractice.FramewokTutorial.ErrorValidationsTest" name="LoginErrorValidation" time="2.807"/>
  <testcase classname="testPractice.FramewokTutorial.ErrorValidationsTest" name="ProductErrorValidation" time="0.0">
    <ignored/>
  </testcase> <!-- ProductErrorValidation -->
</testsuite> <!-- Error Validations Test -->
