<?xml version="1.0" encoding="UTF-8"?>
<!-- Generated by org.testng.reporters.JUnitXMLReporter -->
<testsuite ignored="1" hostname="DESKTOP-MR4E6NK" failures="0" tests="2" name="Purchase Order Test" time="31.481" errors="0" timestamp="2023-06-25T17:46:53 IST">
  <testcase classname="testPractice.FramewokTutorial.SubmitOrderTest" name="SubmitOrder" time="8.471"/>
  <testcase classname="testPractice.FramewokTutorial.SubmitOrderTest" name="SubmitOrder" time="8.07"/>
  <testcase classname="testPractice.FramewokTutorial.SubmitOrderTest" name="OrderHistoryTest" time="0.0">
    <ignored/>
  </testcase> <!-- OrderHistoryTest -->
</testsuite> <!-- Purchase Order Test -->
