<?xml version="1.0" encoding="UTF-8"?>
<testng-results ignored="0" total="1" passed="1" failed="0" skipped="0">
  <reporter-output>
  </reporter-output>
  <suite started-at="2023-08-25T20:18:19 IST" name="Default suite" finished-at="2023-08-25T20:18:32 IST" duration-ms="12653">
    <groups>
      <group name="cucumber">
        <method signature="AbstractTestNGCucumberTests.runScenario(io.cucumber.testng.PickleWrapper,io.cucumber.testng.FeatureWrapper)[pri:0, instance:cucumber.TestNGTestRunner@279fedbd]" name="runScenario" class="io.cucumber.testng.AbstractTestNGCucumberTests"/>
      </group> <!-- cucumber -->
    </groups>
    <test started-at="2023-08-25T20:18:19 IST" name="Default test" finished-at="2023-08-25T20:18:32 IST" duration-ms="12653">
      <class name="cucumber.TestNGTestRunner">
        <test-method is-config="true" signature="setUpClass(org.testng.ITestContext)[pri:0, instance:cucumber.TestNGTestRunner@279fedbd]" started-at="2023-08-25T20:18:19 IST" name="setUpClass" finished-at="2023-08-25T20:18:20 IST" duration-ms="582" status="PASS">
          <params>
            <param index="0">
              <value>
                <![CDATA[org.testng.TestRunner@5f631ca0]]>
              </value>
            </param>
          </params>
          <reporter-output>
          </reporter-output>
        </test-method> <!-- setUpClass -->
        <test-method signature="runScenario(io.cucumber.testng.PickleWrapper,io.cucumber.testng.FeatureWrapper)[pri:0, instance:cucumber.TestNGTestRunner@279fedbd]" started-at="2023-08-25T20:18:20 IST" name="runScenario" description="Runs Cucumber Scenarios" data-provider="scenarios" finished-at="2023-08-25T20:18:32 IST" duration-ms="11937" status="PASS">
          <params>
            <param index="0">
              <value>
                <![CDATA["Positive test of Submitting the Order"]]>
              </value>
            </param>
            <param index="1">
              <value>
                <![CDATA["Purchase the Order from Ecommerce site"]]>
              </value>
            </param>
          </params>
          <reporter-output>
          </reporter-output>
        </test-method> <!-- runScenario -->
        <test-method is-config="true" signature="tearDownClass()[pri:0, instance:cucumber.TestNGTestRunner@279fedbd]" started-at="2023-08-25T20:18:32 IST" name="tearDownClass" finished-at="2023-08-25T20:18:32 IST" duration-ms="70" status="PASS">
          <reporter-output>
          </reporter-output>
        </test-method> <!-- tearDownClass -->
      </class> <!-- cucumber.TestNGTestRunner -->
    </test> <!-- Default test -->
  </suite> <!-- Default suite -->
</testng-results>
